<?xml version="1.0" encoding="UTF-8"?>
<!-- Generated by org.testng.reporters.JUnitXMLReporter -->
<testsuite hostname="Compumatrice-25" name="Default test" tests="7" failures="0" timestamp="8 Dec 2014 14:38:54 GMT" time="78.094" errors="0">
  <testcase name="FindTextTest" time="2.246" classname="com.carelink360Package1.FindUser"/>
  <testcase name="FindProviderUserTest" time="2.165" classname="com.carelink360Package1.FindUser"/>
  <testcase name="FindProviderPageUserTest" time="3.013" classname="com.carelink360Package1.FindUser"/>
  <testcase name="FindImgTest" time="3.042" classname="com.carelink360Package1.FindUser"/>
  <testcase name="FindUserTextTest" time="2.07" classname="com.carelink360Package1.FindUser"/>
  <testcase name="FindUserSearchTest" time="2.076" classname="com.carelink360Package1.FindUser"/>
  <testcase name="FindUsertest" time="23.108" classname="com.carelink360Package1.FindUser"/>
</testsuite> <!-- Default test -->
