<?xml version="1.0" encoding="UTF-8"?>
<testng-results skipped="0" failed="0" total="7" passed="7">
  <reporter-output>
  </reporter-output>
  <suite name="Default suite" duration-ms="78094" started-at="2014-12-08T14:37:35Z" finished-at="2014-12-08T14:38:54Z">
    <groups>
    </groups>
    <test name="Default test" duration-ms="78094" started-at="2014-12-08T14:37:35Z" finished-at="2014-12-08T14:38:54Z">
      <class name="com.carelink360Package1.FindUser">
        <test-method status="PASS" signature="beforeTest()[pri:0, instance:com.carelink360Package1.FindUser@7773bb48]" name="beforeTest" is-config="true" duration-ms="40329" started-at="2014-12-08T20:07:35Z" finished-at="2014-12-08T20:08:16Z">
          <reporter-output>
          </reporter-output>
        </test-method> <!-- beforeTest -->
        <test-method status="PASS" signature="FindTextTest()[pri:0, instance:com.carelink360Package1.FindUser@7773bb48]" name="FindTextTest" duration-ms="2246" started-at="2014-12-08T20:08:16Z" finished-at="2014-12-08T20:08:18Z">
          <reporter-output>
          </reporter-output>
        </test-method> <!-- FindTextTest -->
        <test-method status="PASS" signature="FindProviderUserTest()[pri:0, instance:com.carelink360Package1.FindUser@7773bb48]" name="FindProviderUserTest" duration-ms="2165" started-at="2014-12-08T20:08:18Z" finished-at="2014-12-08T20:08:20Z">
          <reporter-output>
          </reporter-output>
        </test-method> <!-- FindProviderUserTest -->
        <test-method status="PASS" signature="FindProviderPageUserTest()[pri:0, instance:com.carelink360Package1.FindUser@7773bb48]" name="FindProviderPageUserTest" duration-ms="3013" started-at="2014-12-08T20:08:20Z" finished-at="2014-12-08T20:08:23Z">
          <reporter-output>
          </reporter-output>
        </test-method> <!-- FindProviderPageUserTest -->
        <test-method status="PASS" signature="FindImgTest()[pri:0, instance:com.carelink360Package1.FindUser@7773bb48]" name="FindImgTest" duration-ms="3042" started-at="2014-12-08T20:08:23Z" finished-at="2014-12-08T20:08:26Z">
          <reporter-output>
          </reporter-output>
        </test-method> <!-- FindImgTest -->
        <test-method status="PASS" signature="FindUserTextTest()[pri:0, instance:com.carelink360Package1.FindUser@7773bb48]" name="FindUserTextTest" duration-ms="2070" started-at="2014-12-08T20:08:26Z" finished-at="2014-12-08T20:08:28Z">
          <reporter-output>
          </reporter-output>
        </test-method> <!-- FindUserTextTest -->
        <test-method status="PASS" signature="FindUserSearchTest()[pri:0, instance:com.carelink360Package1.FindUser@7773bb48]" name="FindUserSearchTest" duration-ms="2076" started-at="2014-12-08T20:08:28Z" finished-at="2014-12-08T20:08:30Z">
          <reporter-output>
          </reporter-output>
        </test-method> <!-- FindUserSearchTest -->
        <test-method status="PASS" signature="FindUsertest()[pri:0, instance:com.carelink360Package1.FindUser@7773bb48]" name="FindUsertest" duration-ms="23108" started-at="2014-12-08T20:08:30Z" finished-at="2014-12-08T20:08:54Z">
          <reporter-output>
          </reporter-output>
        </test-method> <!-- FindUsertest -->
        <test-method status="PASS" signature="afterTest()[pri:0, instance:com.carelink360Package1.FindUser@7773bb48]" name="afterTest" is-config="true" duration-ms="1" started-at="2014-12-08T20:08:54Z" finished-at="2014-12-08T20:08:54Z">
          <reporter-output>
          </reporter-output>
        </test-method> <!-- afterTest -->
      </class> <!-- com.carelink360Package1.FindUser -->
    </test> <!-- Default test -->
  </suite> <!-- Default suite -->
</testng-results>
